<?xml version="1.0" encoding="UTF-8"?>
<!-- Generated by org.testng.reporters.JUnitXMLReporter -->
<testsuite ignored="0" hostname="DESKTOP-7ARKDEF" failures="0" tests="4" name="Default test" time="70.155" errors="0" timestamp="26 Dec. 2020 02:15:04 GMT">
  <testcase classname="com.excel.tests.HalfEbayTest" name="halfEbayRegPageTest" time="2.253"/>
  <testcase classname="com.excel.tests.HalfEbayTest" name="halfEbayRegPageTest" time="1.284"/>
  <testcase classname="com.excel.tests.HalfEbayTest" name="halfEbayRegPageTest" time="1.291"/>
  <testcase classname="com.excel.tests.HalfEbayTest" name="halfEbayRegPageTest" time="1.354"/>
</testsuite> <!-- Default test -->
